This is pdfTeX, Version 3.1415926-2.5-1.40.14 (TeX Live 2013/Debian) (format=pdflatex 2014.5.14)  25 NOV 2015 23:23
entering extended mode
 restricted \write18 enabled.
 %&-line parsing enabled.
**"Indoor mmWave Wearable Networks Challenges to MAC Design.tex"
(./Indoor mmWave Wearable Networks Challenges to MAC Design.tex
LaTeX2e <2011/06/27>
Babel <3.9h> and hyphenation patterns for 2 languages loaded.
(./IEEEtran.cls
Document Class: IEEEtran 2014/09/17 V1.8a by Michael Shell
-- See the "IEEEtran_HOWTO" manual for usage information.
-- http://www.michaelshell.org/tex/ieeetran/
\@IEEEtrantmpdimenA=\dimen102
\@IEEEtrantmpdimenB=\dimen103
\@IEEEtrantmpdimenC=\dimen104
\@IEEEtrantmpcountA=\count79
\@IEEEtrantmpcountB=\count80
\@IEEEtrantmpcountC=\count81
\@IEEEtrantmptoksA=\toks14
LaTeX Font Info:    Try loading font information for OT1+ptm on input line 458.

(/usr/share/texlive/texmf-dist/tex/latex/psnfss/ot1ptm.fd
File: ot1ptm.fd 2001/06/04 font definitions for OT1/ptm.
)
-- Using 8.5in x 11in (letter) paper.
-- Using PDF output.
\@IEEEnormalsizeunitybaselineskip=\dimen105
-- This is a 10 point document.
\CLASSINFOnormalsizebaselineskip=\dimen106
\CLASSINFOnormalsizeunitybaselineskip=\dimen107
\IEEEnormaljot=\dimen108
LaTeX Font Info:    Font shape `OT1/ptm/bx/n' in size <5> not available
(Font)              Font shape `OT1/ptm/b/n' tried instead on input line 1039.
LaTeX Font Info:    Font shape `OT1/ptm/bx/it' in size <5> not available
(Font)              Font shape `OT1/ptm/b/it' tried instead on input line 1039.

LaTeX Font Info:    Font shape `OT1/ptm/bx/n' in size <7> not available
(Font)              Font shape `OT1/ptm/b/n' tried instead on input line 1039.
LaTeX Font Info:    Font shape `OT1/ptm/bx/it' in size <7> not available
(Font)              Font shape `OT1/ptm/b/it' tried instead on input line 1039.

LaTeX Font Info:    Font shape `OT1/ptm/bx/n' in size <8> not available
(Font)              Font shape `OT1/ptm/b/n' tried instead on input line 1039.
LaTeX Font Info:    Font shape `OT1/ptm/bx/it' in size <8> not available
(Font)              Font shape `OT1/ptm/b/it' tried instead on input line 1039.

LaTeX Font Info:    Font shape `OT1/ptm/bx/n' in size <9> not available
(Font)              Font shape `OT1/ptm/b/n' tried instead on input line 1039.
LaTeX Font Info:    Font shape `OT1/ptm/bx/it' in size <9> not available
(Font)              Font shape `OT1/ptm/b/it' tried instead on input line 1039.

LaTeX Font Info:    Font shape `OT1/ptm/bx/n' in size <10> not available
(Font)              Font shape `OT1/ptm/b/n' tried instead on input line 1039.
LaTeX Font Info:    Font shape `OT1/ptm/bx/it' in size <10> not available
(Font)              Font shape `OT1/ptm/b/it' tried instead on input line 1039.

LaTeX Font Info:    Font shape `OT1/ptm/bx/n' in size <11> not available
(Font)              Font shape `OT1/ptm/b/n' tried instead on input line 1039.
LaTeX Font Info:    Font shape `OT1/ptm/bx/it' in size <11> not available
(Font)              Font shape `OT1/ptm/b/it' tried instead on input line 1039.

LaTeX Font Info:    Font shape `OT1/ptm/bx/n' in size <12> not available
(Font)              Font shape `OT1/ptm/b/n' tried instead on input line 1039.
LaTeX Font Info:    Font shape `OT1/ptm/bx/it' in size <12> not available
(Font)              Font shape `OT1/ptm/b/it' tried instead on input line 1039.

LaTeX Font Info:    Font shape `OT1/ptm/bx/n' in size <17> not available
(Font)              Font shape `OT1/ptm/b/n' tried instead on input line 1039.
LaTeX Font Info:    Font shape `OT1/ptm/bx/it' in size <17> not available
(Font)              Font shape `OT1/ptm/b/it' tried instead on input line 1039.

LaTeX Font Info:    Font shape `OT1/ptm/bx/n' in size <20> not available
(Font)              Font shape `OT1/ptm/b/n' tried instead on input line 1039.
LaTeX Font Info:    Font shape `OT1/ptm/bx/it' in size <20> not available
(Font)              Font shape `OT1/ptm/b/it' tried instead on input line 1039.

LaTeX Font Info:    Font shape `OT1/ptm/bx/n' in size <24> not available
(Font)              Font shape `OT1/ptm/b/n' tried instead on input line 1039.
LaTeX Font Info:    Font shape `OT1/ptm/bx/it' in size <24> not available
(Font)              Font shape `OT1/ptm/b/it' tried instead on input line 1039.

\IEEEquantizedlength=\dimen109
\IEEEquantizedlengthdiff=\dimen110
\IEEEquantizedtextheightdiff=\dimen111
\IEEEilabelindentA=\dimen112
\IEEEilabelindentB=\dimen113
\IEEEilabelindent=\dimen114
\IEEEelabelindent=\dimen115
\IEEEdlabelindent=\dimen116
\IEEElabelindent=\dimen117
\IEEEiednormlabelsep=\dimen118
\IEEEiedmathlabelsep=\dimen119
\IEEEiedtopsep=\skip41
\c@section=\count82
\c@subsection=\count83
\c@subsubsection=\count84
\c@paragraph=\count85
\c@IEEEsubequation=\count86
\abovecaptionskip=\skip42
\belowcaptionskip=\skip43
\c@figure=\count87
\c@table=\count88
\@IEEEeqnnumcols=\count89
\@IEEEeqncolcnt=\count90
\@IEEEsubeqnnumrollback=\count91
\@IEEEquantizeheightA=\dimen120
\@IEEEquantizeheightB=\dimen121
\@IEEEquantizeheightC=\dimen122
\@IEEEquantizeprevdepth=\dimen123
\@IEEEquantizemultiple=\count92
\@IEEEquantizeboxA=\box26
\@IEEEtmpitemindent=\dimen124
\c@IEEEbiography=\count93
\@IEEEtranrubishbin=\box27
) (/usr/share/texlive/texmf-dist/tex/latex/graphics/graphicx.sty
Package: graphicx 1999/02/16 v1.0f Enhanced LaTeX Graphics (DPC,SPQR)

(/usr/share/texlive/texmf-dist/tex/latex/graphics/keyval.sty
Package: keyval 1999/03/16 v1.13 key=value parser (DPC)
\KV@toks@=\toks15
)
(/usr/share/texlive/texmf-dist/tex/latex/graphics/graphics.sty
Package: graphics 2009/02/05 v1.0o Standard LaTeX Graphics (DPC,SPQR)

(/usr/share/texlive/texmf-dist/tex/latex/graphics/trig.sty
Package: trig 1999/03/16 v1.09 sin cos tan (DPC)
)
(/usr/share/texlive/texmf-dist/tex/latex/latexconfig/graphics.cfg
File: graphics.cfg 2010/04/23 v1.9 graphics configuration of TeX Live
)
Package graphics Info: Driver file: pdftex.def on input line 91.

(/usr/share/texlive/texmf-dist/tex/latex/pdftex-def/pdftex.def
File: pdftex.def 2011/05/27 v0.06d Graphics/color for pdfTeX

(/usr/share/texlive/texmf-dist/tex/generic/oberdiek/infwarerr.sty
Package: infwarerr 2010/04/08 v1.3 Providing info/warning/error messages (HO)
)
(/usr/share/texlive/texmf-dist/tex/generic/oberdiek/ltxcmds.sty
Package: ltxcmds 2011/11/09 v1.22 LaTeX kernel commands for general use (HO)
)
\Gread@gobject=\count94
))
\Gin@req@height=\dimen125
\Gin@req@width=\dimen126
)
(/usr/share/texlive/texmf-dist/tex/latex/amsmath/amsmath.sty
Package: amsmath 2013/01/14 v2.14 AMS math features
\@mathmargin=\skip44

For additional information on amsmath, use the `?' option.
(/usr/share/texlive/texmf-dist/tex/latex/amsmath/amstext.sty
Package: amstext 2000/06/29 v2.01

(/usr/share/texlive/texmf-dist/tex/latex/amsmath/amsgen.sty
File: amsgen.sty 1999/11/30 v2.0
\@emptytoks=\toks16
\ex@=\dimen127
))
(/usr/share/texlive/texmf-dist/tex/latex/amsmath/amsbsy.sty
Package: amsbsy 1999/11/29 v1.2d
\pmbraise@=\dimen128
)
(/usr/share/texlive/texmf-dist/tex/latex/amsmath/amsopn.sty
Package: amsopn 1999/12/14 v2.01 operator names
)
\inf@bad=\count95
LaTeX Info: Redefining \frac on input line 210.
\uproot@=\count96
\leftroot@=\count97
LaTeX Info: Redefining \overline on input line 306.
\classnum@=\count98
\DOTSCASE@=\count99
LaTeX Info: Redefining \ldots on input line 378.
LaTeX Info: Redefining \dots on input line 381.
LaTeX Info: Redefining \cdots on input line 466.
\Mathstrutbox@=\box28
\strutbox@=\box29
\big@size=\dimen129
LaTeX Font Info:    Redeclaring font encoding OML on input line 566.
LaTeX Font Info:    Redeclaring font encoding OMS on input line 567.
\macc@depth=\count100
\c@MaxMatrixCols=\count101
\dotsspace@=\muskip10
\c@parentequation=\count102
\dspbrk@lvl=\count103
\tag@help=\toks17
\row@=\count104
\column@=\count105
\maxfields@=\count106
\andhelp@=\toks18
\eqnshift@=\dimen130
\alignsep@=\dimen131
\tagshift@=\dimen132
\tagwidth@=\dimen133
\totwidth@=\dimen134
\lineht@=\dimen135
\@envbody=\toks19
\multlinegap=\skip45
\multlinetaggap=\skip46
\mathdisplay@stack=\toks20
LaTeX Info: Redefining \[ on input line 2665.
LaTeX Info: Redefining \] on input line 2666.
)
(/usr/share/texlive/texmf-dist/tex/latex/subfig/subfig.sty
Package: subfig 2005/06/28 ver: 1.3 subfig package

(/usr/share/texlive/texmf-dist/tex/latex/caption/caption3.sty
Package: caption3 2013/05/02 v1.6-88 caption3 kernel (AR)
Package caption3 Info: TeX engine: e-TeX on input line 57.
\captionmargin=\dimen136
\captionmargin@=\dimen137
\captionwidth=\dimen138
\caption@tempdima=\dimen139
\caption@indent=\dimen140
\caption@parindent=\dimen141
\caption@hangindent=\dimen142
Package caption Info: Unknown document class (or package),
(caption)             standard defaults will be used.
)
\c@KVtest=\count107
\sf@farskip=\skip47
\sf@captopadj=\dimen143
\sf@capskip=\skip48
\sf@nearskip=\skip49
\c@subfigure=\count108
\c@subfigure@save=\count109
\c@lofdepth=\count110
\c@subtable=\count111
\c@subtable@save=\count112
\c@lotdepth=\count113
\sf@top=\skip50
\sf@bottom=\skip51
)
(/usr/share/texlive/texmf-dist/tex/latex/amscls/amsthm.sty
Package: amsthm 2004/08/06 v2.20
\thm@style=\toks21
\thm@bodyfont=\toks22
\thm@headfont=\toks23
\thm@notefont=\toks24
\thm@headpunct=\toks25
\thm@preskip=\skip52
\thm@postskip=\skip53
\thm@headsep=\skip54
\dth@everypar=\toks26
)
(/usr/share/texlive/texmf-dist/tex/latex/amsfonts/amsfonts.sty
Package: amsfonts 2013/01/14 v3.01 Basic AMSFonts support
\symAMSa=\mathgroup4
\symAMSb=\mathgroup5
LaTeX Font Info:    Overwriting math alphabet `\mathfrak' in version `bold'
(Font)                  U/euf/m/n --> U/euf/b/n on input line 106.
)
\c@theorem=\count114

(/usr/share/texlive/texmf-dist/tex/latex/base/textcomp.sty
Package: textcomp 2005/09/27 v1.99g Standard LaTeX package
Package textcomp Info: Sub-encoding information:
(textcomp)               5 = only ISO-Adobe without \textcurrency
(textcomp)               4 = 5 + \texteuro
(textcomp)               3 = 4 + \textohm
(textcomp)               2 = 3 + \textestimated + \textcurrency
(textcomp)               1 = TS1 - \textcircled - \t
(textcomp)               0 = TS1 (full)
(textcomp)             Font families with sub-encoding setting implement
(textcomp)             only a restricted character set as indicated.
(textcomp)             Family '?' is the default used for unknown fonts.
(textcomp)             See the documentation for details.
Package textcomp Info: Setting ? sub-encoding to TS1/1 on input line 71.

(/usr/share/texlive/texmf-dist/tex/latex/base/ts1enc.def
File: ts1enc.def 2001/06/05 v3.0e (jk/car/fm) Standard LaTeX file
)
LaTeX Info: Redefining \oldstylenums on input line 266.
Package textcomp Info: Setting cmr sub-encoding to TS1/0 on input line 281.
Package textcomp Info: Setting cmss sub-encoding to TS1/0 on input line 282.
Package textcomp Info: Setting cmtt sub-encoding to TS1/0 on input line 283.
Package textcomp Info: Setting cmvtt sub-encoding to TS1/0 on input line 284.
Package textcomp Info: Setting cmbr sub-encoding to TS1/0 on input line 285.
Package textcomp Info: Setting cmtl sub-encoding to TS1/0 on input line 286.
Package textcomp Info: Setting ccr sub-encoding to TS1/0 on input line 287.
Package textcomp Info: Setting ptm sub-encoding to TS1/4 on input line 288.
Package textcomp Info: Setting pcr sub-encoding to TS1/4 on input line 289.
Package textcomp Info: Setting phv sub-encoding to TS1/4 on input line 290.
Package textcomp Info: Setting ppl sub-encoding to TS1/3 on input line 291.
Package textcomp Info: Setting pag sub-encoding to TS1/4 on input line 292.
Package textcomp Info: Setting pbk sub-encoding to TS1/4 on input line 293.
Package textcomp Info: Setting pnc sub-encoding to TS1/4 on input line 294.
Package textcomp Info: Setting pzc sub-encoding to TS1/4 on input line 295.
Package textcomp Info: Setting bch sub-encoding to TS1/4 on input line 296.
Package textcomp Info: Setting put sub-encoding to TS1/5 on input line 297.
Package textcomp Info: Setting uag sub-encoding to TS1/5 on input line 298.
Package textcomp Info: Setting ugq sub-encoding to TS1/5 on input line 299.
Package textcomp Info: Setting ul8 sub-encoding to TS1/4 on input line 300.
Package textcomp Info: Setting ul9 sub-encoding to TS1/4 on input line 301.
Package textcomp Info: Setting augie sub-encoding to TS1/5 on input line 302.
Package textcomp Info: Setting dayrom sub-encoding to TS1/3 on input line 303.
Package textcomp Info: Setting dayroms sub-encoding to TS1/3 on input line 304.

Package textcomp Info: Setting pxr sub-encoding to TS1/0 on input line 305.
Package textcomp Info: Setting pxss sub-encoding to TS1/0 on input line 306.
Package textcomp Info: Setting pxtt sub-encoding to TS1/0 on input line 307.
Package textcomp Info: Setting txr sub-encoding to TS1/0 on input line 308.
Package textcomp Info: Setting txss sub-encoding to TS1/0 on input line 309.
Package textcomp Info: Setting txtt sub-encoding to TS1/0 on input line 310.
Package textcomp Info: Setting lmr sub-encoding to TS1/0 on input line 311.
Package textcomp Info: Setting lmdh sub-encoding to TS1/0 on input line 312.
Package textcomp Info: Setting lmss sub-encoding to TS1/0 on input line 313.
Package textcomp Info: Setting lmssq sub-encoding to TS1/0 on input line 314.
Package textcomp Info: Setting lmvtt sub-encoding to TS1/0 on input line 315.
Package textcomp Info: Setting qhv sub-encoding to TS1/0 on input line 316.
Package textcomp Info: Setting qag sub-encoding to TS1/0 on input line 317.
Package textcomp Info: Setting qbk sub-encoding to TS1/0 on input line 318.
Package textcomp Info: Setting qcr sub-encoding to TS1/0 on input line 319.
Package textcomp Info: Setting qcs sub-encoding to TS1/0 on input line 320.
Package textcomp Info: Setting qpl sub-encoding to TS1/0 on input line 321.
Package textcomp Info: Setting qtm sub-encoding to TS1/0 on input line 322.
Package textcomp Info: Setting qzc sub-encoding to TS1/0 on input line 323.
Package textcomp Info: Setting qhvc sub-encoding to TS1/0 on input line 324.
Package textcomp Info: Setting futs sub-encoding to TS1/4 on input line 325.
Package textcomp Info: Setting futx sub-encoding to TS1/4 on input line 326.
Package textcomp Info: Setting futj sub-encoding to TS1/4 on input line 327.
Package textcomp Info: Setting hlh sub-encoding to TS1/3 on input line 328.
Package textcomp Info: Setting hls sub-encoding to TS1/3 on input line 329.
Package textcomp Info: Setting hlst sub-encoding to TS1/3 on input line 330.
Package textcomp Info: Setting hlct sub-encoding to TS1/5 on input line 331.
Package textcomp Info: Setting hlx sub-encoding to TS1/5 on input line 332.
Package textcomp Info: Setting hlce sub-encoding to TS1/5 on input line 333.
Package textcomp Info: Setting hlcn sub-encoding to TS1/5 on input line 334.
Package textcomp Info: Setting hlcw sub-encoding to TS1/5 on input line 335.
Package textcomp Info: Setting hlcf sub-encoding to TS1/5 on input line 336.
Package textcomp Info: Setting pplx sub-encoding to TS1/3 on input line 337.
Package textcomp Info: Setting pplj sub-encoding to TS1/3 on input line 338.
Package textcomp Info: Setting ptmx sub-encoding to TS1/4 on input line 339.
Package textcomp Info: Setting ptmj sub-encoding to TS1/4 on input line 340.
)
(/home/yikong/texmf/tex/latex/gensymb.sty
Package: gensymb 2003/07/02 v1.0 (WaS)
)
(./Indoor mmWave Wearable Networks Challenges to MAC Design.aux)
\openout1 = `"Indoor mmWave Wearable Networks Challenges to MAC Design.aux"'.

LaTeX Font Info:    Checking defaults for OML/cmm/m/it on input line 35.
LaTeX Font Info:    ... okay on input line 35.
LaTeX Font Info:    Checking defaults for T1/cmr/m/n on input line 35.
LaTeX Font Info:    ... okay on input line 35.
LaTeX Font Info:    Checking defaults for OT1/cmr/m/n on input line 35.
LaTeX Font Info:    ... okay on input line 35.
LaTeX Font Info:    Checking defaults for OMS/cmsy/m/n on input line 35.
LaTeX Font Info:    ... okay on input line 35.
LaTeX Font Info:    Checking defaults for OMX/cmex/m/n on input line 35.
LaTeX Font Info:    ... okay on input line 35.
LaTeX Font Info:    Checking defaults for U/cmr/m/n on input line 35.
LaTeX Font Info:    ... okay on input line 35.
LaTeX Font Info:    Checking defaults for TS1/cmr/m/n on input line 35.
LaTeX Font Info:    Try loading font information for TS1+cmr on input line 35.

(/usr/share/texlive/texmf-dist/tex/latex/base/ts1cmr.fd
File: ts1cmr.fd 1999/05/25 v2.5h Standard LaTeX font definitions
)
LaTeX Font Info:    ... okay on input line 35.

-- Lines per column: 56 (exact).
(/usr/share/texlive/texmf-dist/tex/context/base/supp-pdf.mkii
[Loading MPS to PDF converter (version 2006.09.02).]
\scratchcounter=\count115
\scratchdimen=\dimen144
\scratchbox=\box30
\nofMPsegments=\count116
\nofMParguments=\count117
\everyMPshowfont=\toks27
\MPscratchCnt=\count118
\MPscratchDim=\dimen145
\MPnumerator=\count119
\makeMPintoPDFobject=\count120
\everyMPtoPDFconversion=\toks28
) (/usr/share/texlive/texmf-dist/tex/generic/oberdiek/pdftexcmds.sty
Package: pdftexcmds 2011/11/29 v0.20 Utility functions of pdfTeX for LuaTeX (HO
)

(/usr/share/texlive/texmf-dist/tex/generic/oberdiek/ifluatex.sty
Package: ifluatex 2010/03/01 v1.3 Provides the ifluatex switch (HO)
Package ifluatex Info: LuaTeX not detected.
)
(/usr/share/texlive/texmf-dist/tex/generic/oberdiek/ifpdf.sty
Package: ifpdf 2011/01/30 v2.3 Provides the ifpdf switch (HO)
Package ifpdf Info: pdfTeX in PDF mode is detected.
)
Package pdftexcmds Info: LuaTeX not detected.
Package pdftexcmds Info: \pdf@primitive is available.
Package pdftexcmds Info: \pdf@ifprimitive is available.
Package pdftexcmds Info: \pdfdraftmode found.
)
(/usr/share/texlive/texmf-dist/tex/latex/oberdiek/epstopdf-base.sty
Package: epstopdf-base 2010/02/09 v2.5 Base part for package epstopdf

(/usr/share/texlive/texmf-dist/tex/latex/oberdiek/grfext.sty
Package: grfext 2010/08/19 v1.1 Manage graphics extensions (HO)

(/usr/share/texlive/texmf-dist/tex/generic/oberdiek/kvdefinekeys.sty
Package: kvdefinekeys 2011/04/07 v1.3 Define keys (HO)
))
(/usr/share/texlive/texmf-dist/tex/latex/oberdiek/kvoptions.sty
Package: kvoptions 2011/06/30 v3.11 Key value format for package options (HO)

(/usr/share/texlive/texmf-dist/tex/generic/oberdiek/kvsetkeys.sty
Package: kvsetkeys 2012/04/25 v1.16 Key value parser (HO)

(/usr/share/texlive/texmf-dist/tex/generic/oberdiek/etexcmds.sty
Package: etexcmds 2011/02/16 v1.5 Avoid name clashes with e-TeX commands (HO)
Package etexcmds Info: Could not find \expanded.
(etexcmds)             That can mean that you are not using pdfTeX 1.50 or
(etexcmds)             that some package has redefined \expanded.
(etexcmds)             In the latter case, load this package earlier.
)))
Package grfext Info: Graphics extension search list:
(grfext)             [.png,.pdf,.jpg,.mps,.jpeg,.jbig2,.jb2,.PNG,.PDF,.JPG,.JPE
G,.JBIG2,.JB2,.eps]
(grfext)             \AppendGraphicsExtensions on input line 452.

(/usr/share/texlive/texmf-dist/tex/latex/latexconfig/epstopdf-sys.cfg
File: epstopdf-sys.cfg 2010/07/13 v1.3 Configuration of (r)epstopdf for TeX Liv
e
))
Package caption Info: Begin \AtBeginDocument code.
Package caption Info: subfig package v1.3 is loaded.
Package caption Info: End \AtBeginDocument code.
\symgns@font=\mathgroup6
LaTeX Font Info:    Overwriting symbol font `gns@font' in version `bold'
(Font)                  TS1/ptm/m/n --> TS1/ptm/bx/n on input line 35.
Package gensymb Info: Math companion symbols declared on input line 35.
LaTeX Info: Redefining \degree on input line 35.
LaTeX Info: Redefining \celsius on input line 35.
Package gensymb Info: Using text companion symbols for \degree, \celsius and \p
erthousand on input line 35.
LaTeX Info: Redefining \ohm on input line 35.
Package gensymb Info: Using \textohm for \ohm on input line 35.
Package gensymb Info: Using \textmu for \micro on input line 35.
LaTeX Font Info:    Try loading font information for U+msa on input line 45.

(/usr/share/texlive/texmf-dist/tex/latex/amsfonts/umsa.fd
File: umsa.fd 2013/01/14 v3.01 AMS symbols A
)
LaTeX Font Info:    Try loading font information for U+msb on input line 45.

(/usr/share/texlive/texmf-dist/tex/latex/amsfonts/umsb.fd
File: umsb.fd 2013/01/14 v3.01 AMS symbols B
)
LaTeX Font Info:    Try loading font information for TS1+ptm on input line 45.

(/usr/share/texlive/texmf-dist/tex/latex/psnfss/ts1ptm.fd
File: ts1ptm.fd 2001/06/04 font definitions for TS1/ptm.
) [1{/var/lib/texmf/fonts/map/pdftex/updmap/pdftex.map}


] [2]
Missing character: There is no d in font msbm10!
Missing character: There is no d in font msbm10!

Overfull \hbox (14.39565pt too wide) in paragraph at lines 133--133
[] 
 []

[3] <./figures/Channel_ENB.pdf, id=28, 438.40889pt x 243.77473pt>
File: ./figures/Channel_ENB.pdf Graphic file (type pdf)

<use ./figures/Channel_ENB.pdf>
Package pdftex.def Info: ./figures/Channel_ENB.pdf used on input line 147.
(pdftex.def)             Requested size: 206.39685pt x 114.76384pt.

Underfull \hbox (badness 10000) in paragraph at lines 161--163
$[]\OMS/cmsy/m/n/10 n\OT1/cmr/m/n/10 (\OML/cmm/m/it/10 x; ^^R\OT1/cmr/m/n/10 )$
 \OT1/ptm/m/n/10 is an in-de-pen-dently marked PPP and
 []


Overfull \hbox (6.97636pt too wide) in paragraph at lines 170--170
[] 
 []


Overfull \hbox (16.2065pt too wide) detected at line 192
[] []
 []

[4 <./figures/Channel_ENB.pdf>]
<./figures/Channel_NLOS.pdf, id=43, 386.37749pt x 191.26155pt>
File: ./figures/Channel_NLOS.pdf Graphic file (type pdf)

<use ./figures/Channel_NLOS.pdf>
Package pdftex.def Info: ./figures/Channel_NLOS.pdf used on input line 204.
(pdftex.def)             Requested size: 206.39685pt x 102.16777pt.

Underfull \hbox (badness 1448) in paragraph at lines 283--284
[]\OT1/ptm/m/n/10 Denote $\OML/cmm/m/it/10 f[]\OT1/cmr/m/n/10 (\OML/cmm/m/it/10
 x[]; m[]; []\OMS/cmsy/m/n/10 n\OT1/cmr/m/n/10 (\OML/cmm/m/it/10 x[]; m[]\OT1/c
mr/m/n/10 )\OML/cmm/m/it/10 ; m[]\OT1/cmr/m/n/10 )$ \OT1/ptm/m/n/10 be the in-d
i-ca-tor
 []

[5 <./figures/Channel_NLOS.pdf>]
<./figures/Channel_trace.pdf, id=56, 444.66125pt x 184.69pt>
File: ./figures/Channel_trace.pdf Graphic file (type pdf)

<use ./figures/Channel_trace.pdf>
Package pdftex.def Info: ./figures/Channel_trace.pdf used on input line 322.
(pdftex.def)             Requested size: 154.80157pt x 64.29582pt.

<./figures/Channel_boolean.pdf, id=57, 289.54272pt x 137.30397pt>
File: ./figures/Channel_boolean.pdf Graphic file (type pdf)

<use ./figures/Channel_boolean.pdf>
Package pdftex.def Info: ./figures/Channel_boolean.pdf used on input line 323.
(pdftex.def)             Requested size: 154.80157pt x 73.40974pt.


Package amsmath Warning: Foreign command \atopwithdelims;
(amsmath)                \frac or \genfrac should be used instead
(amsmath)                 on input line 356.

[6 <./figures/Channel_trace.pdf> <./figures/Channel_boolean.pdf>] [7]
<./figures/Channel_en_si.pdf, id=74, 341.275pt x 255.95625pt>
File: ./figures/Channel_en_si.pdf Graphic file (type pdf)

<use ./figures/Channel_en_si.pdf>
Package pdftex.def Info: ./figures/Channel_en_si.pdf used on input line 465.
(pdftex.def)             Requested size: 206.39685pt x 154.80127pt.

<./figures/Channel_si_pdf.pdf, id=75, 341.275pt x 255.95625pt>
File: ./figures/Channel_si_pdf.pdf Graphic file (type pdf)

<use ./figures/Channel_si_pdf.pdf>
Package pdftex.def Info: ./figures/Channel_si_pdf.pdf used on input line 473.
(pdftex.def)             Requested size: 206.39685pt x 154.80127pt.

<./figures/Channel_translation_range.pdf, id=76, 227.85126pt x 170.6375pt>
File: ./figures/Channel_translation_range.pdf Graphic file (type pdf)

<use ./figures/Channel_translation_range.pdf>
Package pdftex.def Info: ./figures/Channel_translation_range.pdf used on input 
line 486.
(pdftex.def)             Requested size: 154.80157pt x 115.93301pt.

<./figures/Channel_sensitivity.pdf, id=77, 341.275pt x 255.95625pt>
File: ./figures/Channel_sensitivity.pdf Graphic file (type pdf)

<use ./figures/Channel_sensitivity.pdf>
Package pdftex.def Info: ./figures/Channel_sensitivity.pdf used on input line 4
95.
(pdftex.def)             Requested size: 206.39685pt x 154.80127pt.
 [8 <./figures/Channel_en_si.pdf> <./figures/Channel_si_pdf.pdf> <./figures/Cha
nnel_translation_range.pdf>]
<./figures/Channel_sensitivity_average.pdf, id=98, 284.06125pt x 204.765pt>
File: ./figures/Channel_sensitivity_average.pdf Graphic file (type pdf)

<use ./figures/Channel_sensitivity_average.pdf>
Package pdftex.def Info: ./figures/Channel_sensitivity_average.pdf used on inpu
t line 504.
(pdftex.def)             Requested size: 154.80157pt x 111.59314pt.

<./figures/Channel_constant_velocity_model.pdf, id=99, 341.275pt x 255.95625pt>
File: ./figures/Channel_constant_velocity_model.pdf Graphic file (type pdf)
<use ./figures/Channel_constant_velocity_model.pdf>
Package pdftex.def Info: ./figures/Channel_constant_velocity_model.pdf used on 
input line 513.
(pdftex.def)             Requested size: 206.39685pt x 154.80127pt.

<./figures/Channel_constant_velocity_model_frequency.pdf, id=100, 341.275pt x 2
55.95625pt>
File: ./figures/Channel_constant_velocity_model_frequency.pdf Graphic file (typ
e pdf)
 <use ./figures/Channel_constant_velocity_model_frequency.pdf>
Package pdftex.def Info: ./figures/Channel_constant_velocity_model_frequency.pd
f used on input line 515.
(pdftex.def)             Requested size: 206.39685pt x 154.80127pt.

[9 <./figures/Channel_sensitivity.pdf> <./figures/Channel_sensitivity_average.p
df> <./figures/Channel_constant_velocity_model.pdf> <./figures/Channel_constant
_velocity_model_frequency.pdf>]
<./figures/Clustering_tdma.pdf, id=124, 635.37375pt x 363.3575pt>
File: ./figures/Clustering_tdma.pdf Graphic file (type pdf)

<use ./figures/Clustering_tdma.pdf>
Package pdftex.def Info: ./figures/Clustering_tdma.pdf used on input line 533.
(pdftex.def)             Requested size: 206.39685pt x 118.03433pt.

<./figures/Clustering_reuse.pdf, id=125, 637.38126pt x 363.3575pt>
File: ./figures/Clustering_reuse.pdf Graphic file (type pdf)

<use ./figures/Clustering_reuse.pdf>
Package pdftex.def Info: ./figures/Clustering_reuse.pdf used on input line 544.

(pdftex.def)             Requested size: 206.39685pt x 117.66286pt.
 [10 <./figures/Clustering_tdma.pdf> <./figures/Clustering_reuse.pdf>]

LaTeX Warning: Reference `fig:clustering:ap' on page 11 undefined on input line
 575.


LaTeX Warning: Reference `fig:clustering:markov' on page 11 undefined on input 
line 575.


LaTeX Warning: Reference `fig:clustering:markov' on page 11 undefined on input 
line 579.

[11] <./figures/Clustering_model.pdf, id=138, 578.16pt x 393.47pt>
File: ./figures/Clustering_model.pdf Graphic file (type pdf)

<use ./figures/Clustering_model.pdf>
Package pdftex.def Info: ./figures/Clustering_model.pdf used on input line 664.

(pdftex.def)             Requested size: 206.39685pt x 140.46031pt.

Underfull \hbox (badness 1577) in paragraph at lines 688--689
[]\OT1/ptm/m/n/10 A PPBSS's trans-mis-sion is suc-cess-ful if there is no
 []

<./figures/Cluster_analysis_basic_stt.pdf, id=139, 455.7025pt x 341.275pt>
File: ./figures/Cluster_analysis_basic_stt.pdf Graphic file (type pdf)

<use ./figures/Cluster_analysis_basic_stt.pdf>
Package pdftex.def Info: ./figures/Cluster_analysis_basic_stt.pdf used on input
 line 734.
(pdftex.def)             Requested size: 206.39685pt x 154.57214pt.

<./figures/Cluster_analysis_basic_psuccess.pdf, id=140, 455.7025pt x 341.275pt>
File: ./figures/Cluster_analysis_basic_psuccess.pdf Graphic file (type pdf)
<use ./figures/Cluster_analysis_basic_psuccess.pdf>
Package pdftex.def Info: ./figures/Cluster_analysis_basic_psuccess.pdf used on 
input line 736.
(pdftex.def)             Requested size: 206.39685pt x 154.57214pt.

<./figures/Cluster_analysis_directionality.pdf, id=141, 455.7025pt x 341.275pt>
File: ./figures/Cluster_analysis_directionality.pdf Graphic file (type pdf)
<use ./figures/Cluster_analysis_directionality.pdf>
Package pdftex.def Info: ./figures/Cluster_analysis_directionality.pdf used on 
input line 745.
(pdftex.def)             Requested size: 206.39685pt x 154.57214pt.
 [12 <./figures/Clustering_model.pdf>]
<./figures/Cluster_analysis_primary_ratio.pdf, id=148, 455.7025pt x 341.275pt>
File: ./figures/Cluster_analysis_primary_ratio.pdf Graphic file (type pdf)

<use ./figures/Cluster_analysis_primary_ratio.pdf>
Package pdftex.def Info: ./figures/Cluster_analysis_primary_ratio.pdf used on i
nput line 754.
(pdftex.def)             Requested size: 206.39685pt x 154.57214pt.

<./figures/Cluster_analysis_optimal_cluster_size.pdf, id=149, 455.7025pt x 341.
275pt>
File: ./figures/Cluster_analysis_optimal_cluster_size.pdf Graphic file (type pd
f)
 <use ./figures/Cluster_analysis_optimal_cluster_size.pdf>
Package pdftex.def Info: ./figures/Cluster_analysis_optimal_cluster_size.pdf us
ed on input line 763.
(pdftex.def)             Requested size: 206.39685pt x 154.57214pt.
 [13 <./figures/Cluster_analysis_basic_stt.pdf> <./figures/Cluster_analysis_bas
ic_psuccess.pdf> <./figures/Cluster_analysis_directionality.pdf> <./figures/Clu
ster_analysis_primary_ratio.pdf> <./figures/Cluster_analysis_optimal_cluster_si
ze.pdf>]
<./figures/Cluster_analysis_compare_mac.pdf, id=173, 455.7025pt x 341.275pt>
File: ./figures/Cluster_analysis_compare_mac.pdf Graphic file (type pdf)

<use ./figures/Cluster_analysis_compare_mac.pdf>
Package pdftex.def Info: ./figures/Cluster_analysis_compare_mac.pdf used on inp
ut line 772.
(pdftex.def)             Requested size: 206.39685pt x 154.57214pt.
Missing character: There is no â in font ptmri7t!
Missing character: There is no € in font ptmri7t!
Missing character: There is no ” in font ptmri7t!
Missing character: There is no â in font ptmri7t!
Missing character: There is no € in font ptmri7t!
Missing character: There is no ” in font ptmri7t!
Missing character: There is no â in font ptmri7t!
Missing character: There is no € in font ptmri7t!
Missing character: There is no ” in font ptmri7t!
Missing character: There is no â in font ptmri7t!
Missing character: There is no € in font ptmri7t!
Missing character: There is no ” in font ptmri7t!
Missing character: There is no â in font ptmri7t!
Missing character: There is no € in font ptmri7t!
Missing character: There is no ” in font ptmri7t!
Missing character: There is no â in font ptmri7t!
Missing character: There is no € in font ptmri7t!
Missing character: There is no ” in font ptmri7t!


** Conference Paper **
Before submitting the final camera ready copy, remember to:

 1. Manually equalize the lengths of two columns on the last page
 of your paper;

 2. Ensure that any PostScript and/or PDF output post-processing
 uses only Type 1 fonts and that every step in the generation
 process uses the appropriate paper size.

[14 <./figures/Cluster_analysis_compare_mac.pdf>]
(./Indoor mmWave Wearable Networks Challenges to MAC Design.aux)

LaTeX Warning: There were undefined references.

 ) 
Here is how much of TeX's memory you used:
 4530 strings out of 495028
 73680 string characters out of 6181497
 134532 words of memory out of 5000000
 7646 multiletter control sequences out of 15000+600000
 48906 words of font info for 105 fonts, out of 8000000 for 9000
 14 hyphenation exceptions out of 8191
 38i,19n,48p,2097b,351s stack positions out of 5000i,500n,10000p,200000b,80000s
{/usr/share/texlive/texmf-dist/fonts/enc/dvips/base/8r.enc}</usr/share/texliv
e/texmf-dist/fonts/type1/public/amsfonts/cm/cmbx8.pfb></usr/share/texlive/texmf
-dist/fonts/type1/public/amsfonts/cm/cmex10.pfb></usr/share/texlive/texmf-dist/
fonts/type1/public/amsfonts/cmextra/cmex8.pfb></usr/share/texlive/texmf-dist/fo
nts/type1/public/amsfonts/cm/cmmi10.pfb></usr/share/texlive/texmf-dist/fonts/ty
pe1/public/amsfonts/cm/cmmi5.pfb></usr/share/texlive/texmf-dist/fonts/type1/pub
lic/amsfonts/cm/cmmi6.pfb></usr/share/texlive/texmf-dist/fonts/type1/public/ams
fonts/cm/cmmi7.pfb></usr/share/texlive/texmf-dist/fonts/type1/public/amsfonts/c
m/cmmi8.pfb></usr/share/texlive/texmf-dist/fonts/type1/public/amsfonts/cm/cmmi9
.pfb></usr/share/texlive/texmf-dist/fonts/type1/public/amsfonts/cm/cmr10.pfb></
usr/share/texlive/texmf-dist/fonts/type1/public/amsfonts/cm/cmr5.pfb></usr/shar
e/texlive/texmf-dist/fonts/type1/public/amsfonts/cm/cmr6.pfb></usr/share/texliv
e/texmf-dist/fonts/type1/public/amsfonts/cm/cmr7.pfb></usr/share/texlive/texmf-
dist/fonts/type1/public/amsfonts/cm/cmr8.pfb></usr/share/texlive/texmf-dist/fon
ts/type1/public/amsfonts/cm/cmsy10.pfb></usr/share/texlive/texmf-dist/fonts/typ
e1/public/amsfonts/cm/cmsy5.pfb></usr/share/texlive/texmf-dist/fonts/type1/publ
ic/amsfonts/cm/cmsy6.pfb></usr/share/texlive/texmf-dist/fonts/type1/public/amsf
onts/cm/cmsy7.pfb></usr/share/texlive/texmf-dist/fonts/type1/public/amsfonts/cm
/cmsy8.pfb></usr/share/texlive/texmf-dist/fonts/type1/public/amsfonts/cm/cmsy9.
pfb></usr/share/texlive/texmf-dist/fonts/type1/public/amsfonts/symbols/msbm10.p
fb></usr/share/texlive/texmf-dist/fonts/type1/public/amsfonts/symbols/msbm7.pfb
></usr/share/texlive/texmf-dist/fonts/type1/urw/times/utmb8a.pfb></usr/share/te
xlive/texmf-dist/fonts/type1/urw/times/utmbi8a.pfb></usr/share/texlive/texmf-di
st/fonts/type1/urw/times/utmr8a.pfb></usr/share/texlive/texmf-dist/fonts/type1/
urw/times/utmri8a.pfb>
Output written on "Indoor mmWave Wearable Networks Challenges to MAC Design.pdf
" (14 pages, 616199 bytes).
PDF statistics:
 263 PDF objects out of 1000 (max. 8388607)
 189 compressed objects within 2 object streams
 0 named destinations out of 1000 (max. 500000)
 101 words of extra memory for PDF output out of 10000 (max. 10000000)

